<?xml version="1.0" encoding="UTF-8"?>
<!-- Generated by org.testng.reporters.JUnitReportReporter -->
<testsuite hostname="DESKTOP-F09LMPV" failures="0" tests="3" name="test.LoginTest" time="41.463" errors="0" timestamp="2021-04-26T15:42:06 IST" skipped="0">
  <testcase classname="test.LoginTest" name="login" time="5.135"/>
  <system-out/>
  <testcase classname="test.LoginTest" name="login" time="19.550"/>
  <system-out/>
  <testcase classname="test.LoginTest" name="login" time="16.778"/>
  <system-out/>
</testsuite> <!-- test.LoginTest -->
