<?xml version="1.0" encoding="UTF-8"?>
<!-- Generated by org.testng.reporters.JUnitReportReporter -->
<testsuite hostname="DESKTOP-F09LMPV" failures="0" tests="1" name="test.GoogleTest" time="17.492" errors="0" timestamp="2021-04-26T15:42:06 IST" skipped="0">
  <testcase classname="test.GoogleTest" name="launchGoogle" time="17.492"/>
  <system-out/>
</testsuite> <!-- test.GoogleTest -->
