<?xml version="1.0" encoding="UTF-8"?>
<!-- Generated by org.testng.reporters.JUnitReportReporter -->
<testsuite hostname="DESKTOP-F09LMPV" failures="0" tests="1" name="runner.Runner" time="18.033" errors="0" timestamp="2021-04-26T15:42:06 IST" skipped="0">
  <testcase classname="runner.Runner" name="runScenario" time="18.033"/>
  <system-out/>
</testsuite> <!-- runner.Runner -->
