<?xml version="1.0" encoding="UTF-8"?>
<!-- Generated by org.testng.reporters.JUnitReportReporter -->
<testsuite hostname="DESKTOP-F09LMPV" failures="0" tests="3" name="test.LoginTest" time="43.542" errors="0" timestamp="2021-04-26T17:13:49 IST" skipped="0">
  <testcase classname="test.LoginTest" name="login" time="12.747"/>
  <system-out/>
  <testcase classname="test.LoginTest" name="login" time="14.618"/>
  <system-out/>
  <testcase classname="test.LoginTest" name="login" time="16.177"/>
  <system-out/>
</testsuite> <!-- test.LoginTest -->
