<?xml version="1.0" encoding="UTF-8"?>
<!-- Generated by org.testng.reporters.JUnitReportReporter -->
<testsuite hostname="DESKTOP-F09LMPV" failures="0" tests="1" name="test.GoogleTest" time="16.735" errors="0" timestamp="2021-04-26T17:13:49 IST" skipped="0">
  <testcase classname="test.GoogleTest" name="launchGoogle" time="16.735"/>
  <system-out/>
</testsuite> <!-- test.GoogleTest -->
